{"/home/emanoel.oliveira@tecnospeed.local/projects/github.com/emanoelvso/my-finances/src/app.js": {"path":"/home/emanoel.oliveira@tecnospeed.local/projects/github.com/emanoelvso/my-finances/src/app.js","statementMap":{"0":{"start":{"line":1,"column":16},"end":{"line":1,"column":34}},"1":{"start":{"line":2,"column":11},"end":{"line":2,"column":36}},"2":{"start":{"line":3,"column":22},"end":{"line":3,"column":47}},"3":{"start":{"line":5,"column":12},"end":{"line":5,"column":37}},"4":{"start":{"line":6,"column":22},"end":{"line":6,"column":51}},"5":{"start":{"line":7,"column":16},"end":{"line":7,"column":44}},"6":{"start":{"line":8,"column":20},"end":{"line":8,"column":45}},"7":{"start":{"line":9,"column":24},"end":{"line":9,"column":60}},"8":{"start":{"line":10,"column":13},"end":{"line":10,"column":28}},"9":{"start":{"line":12,"column":12},"end":{"line":16,"column":2}},"10":{"start":{"line":18,"column":0},"end":{"line":18,"column":57}},"11":{"start":{"line":19,"column":0},"end":{"line":19,"column":39}},"12":{"start":{"line":20,"column":0},"end":{"line":20,"column":31}},"13":{"start":{"line":21,"column":0},"end":{"line":21,"column":25}},"14":{"start":{"line":22,"column":0},"end":{"line":22,"column":27}},"15":{"start":{"line":23,"column":0},"end":{"line":23,"column":48}},"16":{"start":{"line":25,"column":0},"end":{"line":25,"column":20}}},"fnMap":{},"branchMap":{},"s":{"0":1,"1":1,"2":1,"3":1,"4":1,"5":1,"6":1,"7":1,"8":1,"9":1,"10":1,"11":1,"12":1,"13":1,"14":1,"15":1,"16":1},"f":{},"b":{},"_coverageSchema":"43e27e138ebf9cfc5966b082cf9a028302ed4184","hash":"11a74e3aa34f1b5565e0e04da21080288c4afe50"}
,"/home/emanoel.oliveira@tecnospeed.local/projects/github.com/emanoelvso/my-finances/src/config/global.js": {"path":"/home/emanoel.oliveira@tecnospeed.local/projects/github.com/emanoelvso/my-finances/src/config/global.js","statementMap":{"0":{"start":{"line":1,"column":0},"end":{"line":1,"column":24}},"1":{"start":{"line":3,"column":25},"end":{"line":3,"column":36}},"2":{"start":{"line":5,"column":15},"end":{"line":10,"column":1}},"3":{"start":{"line":12,"column":0},"end":{"line":12,"column":24}}},"fnMap":{},"branchMap":{},"s":{"0":1,"1":1,"2":1,"3":1},"f":{},"b":{},"_coverageSchema":"43e27e138ebf9cfc5966b082cf9a028302ed4184","hash":"5c05b81da918c2482c9ce0a8cb710ec079de3aba"}
,"/home/emanoel.oliveira@tecnospeed.local/projects/github.com/emanoelvso/my-finances/src/controllers/accountControl.js": {"path":"/home/emanoel.oliveira@tecnospeed.local/projects/github.com/emanoelvso/my-finances/src/controllers/accountControl.js","statementMap":{"0":{"start":{"line":5,"column":4},"end":{"line":5,"column":42}},"1":{"start":{"line":7,"column":24},"end":{"line":13,"column":1}},"2":{"start":{"line":8,"column":19},"end":{"line":8,"column":22}},"3":{"start":{"line":10,"column":22},"end":{"line":10,"column":47}},"4":{"start":{"line":12,"column":2},"end":{"line":12,"column":75}},"5":{"start":{"line":15,"column":25},"end":{"line":21,"column":1}},"6":{"start":{"line":16,"column":17},"end":{"line":16,"column":27}},"7":{"start":{"line":18,"column":17},"end":{"line":18,"column":50}},"8":{"start":{"line":20,"column":2},"end":{"line":20,"column":37}},"9":{"start":{"line":23,"column":22},"end":{"line":29,"column":1}},"10":{"start":{"line":24,"column":17},"end":{"line":24,"column":27}},"11":{"start":{"line":26,"column":2},"end":{"line":26,"column":32}},"12":{"start":{"line":28,"column":2},"end":{"line":28,"column":74}},"13":{"start":{"line":31,"column":0},"end":{"line":31,"column":69}}},"fnMap":{"0":{"name":"(anonymous_0)","decl":{"start":{"line":7,"column":24},"end":{"line":7,"column":25}},"loc":{"start":{"line":7,"column":46},"end":{"line":13,"column":1}},"line":7},"1":{"name":"(anonymous_1)","decl":{"start":{"line":15,"column":25},"end":{"line":15,"column":26}},"loc":{"start":{"line":15,"column":47},"end":{"line":21,"column":1}},"line":15},"2":{"name":"(anonymous_2)","decl":{"start":{"line":23,"column":22},"end":{"line":23,"column":23}},"loc":{"start":{"line":23,"column":44},"end":{"line":29,"column":1}},"line":23}},"branchMap":{},"s":{"0":1,"1":1,"2":1,"3":1,"4":1,"5":1,"6":0,"7":0,"8":0,"9":1,"10":0,"11":0,"12":0,"13":1},"f":{"0":1,"1":0,"2":0},"b":{},"_coverageSchema":"43e27e138ebf9cfc5966b082cf9a028302ed4184","hash":"37c7c785d2877bddb14f8f2cb0115db9430c9c56"}
,"/home/emanoel.oliveira@tecnospeed.local/projects/github.com/emanoelvso/my-finances/src/controllers/categoryControl.js": {"path":"/home/emanoel.oliveira@tecnospeed.local/projects/github.com/emanoelvso/my-finances/src/controllers/categoryControl.js","statementMap":{"0":{"start":{"line":5,"column":4},"end":{"line":5,"column":43}},"1":{"start":{"line":7,"column":25},"end":{"line":13,"column":1}},"2":{"start":{"line":8,"column":19},"end":{"line":8,"column":22}},"3":{"start":{"line":10,"column":22},"end":{"line":10,"column":48}},"4":{"start":{"line":12,"column":2},"end":{"line":12,"column":79}},"5":{"start":{"line":15,"column":26},"end":{"line":21,"column":1}},"6":{"start":{"line":16,"column":17},"end":{"line":16,"column":27}},"7":{"start":{"line":18,"column":17},"end":{"line":18,"column":51}},"8":{"start":{"line":20,"column":2},"end":{"line":20,"column":37}},"9":{"start":{"line":23,"column":23},"end":{"line":29,"column":1}},"10":{"start":{"line":24,"column":17},"end":{"line":24,"column":27}},"11":{"start":{"line":26,"column":2},"end":{"line":26,"column":33}},"12":{"start":{"line":28,"column":2},"end":{"line":28,"column":75}},"13":{"start":{"line":31,"column":0},"end":{"line":35,"column":2}}},"fnMap":{"0":{"name":"(anonymous_0)","decl":{"start":{"line":7,"column":25},"end":{"line":7,"column":26}},"loc":{"start":{"line":7,"column":47},"end":{"line":13,"column":1}},"line":7},"1":{"name":"(anonymous_1)","decl":{"start":{"line":15,"column":26},"end":{"line":15,"column":27}},"loc":{"start":{"line":15,"column":48},"end":{"line":21,"column":1}},"line":15},"2":{"name":"(anonymous_2)","decl":{"start":{"line":23,"column":23},"end":{"line":23,"column":24}},"loc":{"start":{"line":23,"column":45},"end":{"line":29,"column":1}},"line":23}},"branchMap":{},"s":{"0":1,"1":1,"2":0,"3":0,"4":0,"5":1,"6":0,"7":0,"8":0,"9":1,"10":0,"11":0,"12":0,"13":1},"f":{"0":0,"1":0,"2":0},"b":{},"_coverageSchema":"43e27e138ebf9cfc5966b082cf9a028302ed4184","hash":"413c8f80ab74151e30174500236fb477e47f4f37"}
,"/home/emanoel.oliveira@tecnospeed.local/projects/github.com/emanoelvso/my-finances/src/controllers/reportControl.js": {"path":"/home/emanoel.oliveira@tecnospeed.local/projects/github.com/emanoelvso/my-finances/src/controllers/reportControl.js","statementMap":{"0":{"start":{"line":1,"column":35},"end":{"line":1,"column":71}},"1":{"start":{"line":3,"column":24},"end":{"line":7,"column":1}},"2":{"start":{"line":4,"column":17},"end":{"line":4,"column":47}},"3":{"start":{"line":6,"column":2},"end":{"line":6,"column":30}},"4":{"start":{"line":9,"column":0},"end":{"line":9,"column":36}}},"fnMap":{"0":{"name":"(anonymous_0)","decl":{"start":{"line":3,"column":24},"end":{"line":3,"column":25}},"loc":{"start":{"line":3,"column":46},"end":{"line":7,"column":1}},"line":3}},"branchMap":{},"s":{"0":1,"1":1,"2":0,"3":0,"4":1},"f":{"0":0},"b":{},"_coverageSchema":"43e27e138ebf9cfc5966b082cf9a028302ed4184","hash":"49c80453a00d2a3933e4c4890e9f6820b9264b13"}
,"/home/emanoel.oliveira@tecnospeed.local/projects/github.com/emanoelvso/my-finances/src/controllers/transactionControl.js": {"path":"/home/emanoel.oliveira@tecnospeed.local/projects/github.com/emanoelvso/my-finances/src/controllers/transactionControl.js","statementMap":{"0":{"start":{"line":5,"column":4},"end":{"line":5,"column":38}},"1":{"start":{"line":7,"column":28},"end":{"line":13,"column":1}},"2":{"start":{"line":8,"column":19},"end":{"line":8,"column":22}},"3":{"start":{"line":10,"column":22},"end":{"line":10,"column":51}},"4":{"start":{"line":12,"column":2},"end":{"line":12,"column":82}},"5":{"start":{"line":15,"column":29},"end":{"line":21,"column":1}},"6":{"start":{"line":16,"column":17},"end":{"line":16,"column":27}},"7":{"start":{"line":18,"column":17},"end":{"line":18,"column":54}},"8":{"start":{"line":20,"column":2},"end":{"line":20,"column":37}},"9":{"start":{"line":23,"column":26},"end":{"line":29,"column":1}},"10":{"start":{"line":24,"column":17},"end":{"line":24,"column":27}},"11":{"start":{"line":26,"column":2},"end":{"line":26,"column":36}},"12":{"start":{"line":28,"column":2},"end":{"line":28,"column":78}},"13":{"start":{"line":31,"column":0},"end":{"line":35,"column":2}}},"fnMap":{"0":{"name":"(anonymous_0)","decl":{"start":{"line":7,"column":28},"end":{"line":7,"column":29}},"loc":{"start":{"line":7,"column":50},"end":{"line":13,"column":1}},"line":7},"1":{"name":"(anonymous_1)","decl":{"start":{"line":15,"column":29},"end":{"line":15,"column":30}},"loc":{"start":{"line":15,"column":51},"end":{"line":21,"column":1}},"line":15},"2":{"name":"(anonymous_2)","decl":{"start":{"line":23,"column":26},"end":{"line":23,"column":27}},"loc":{"start":{"line":23,"column":48},"end":{"line":29,"column":1}},"line":23}},"branchMap":{},"s":{"0":1,"1":1,"2":0,"3":0,"4":0,"5":1,"6":0,"7":0,"8":0,"9":1,"10":0,"11":0,"12":0,"13":1},"f":{"0":0,"1":0,"2":0},"b":{},"_coverageSchema":"43e27e138ebf9cfc5966b082cf9a028302ed4184","hash":"e5cee4ed717a7b5ea5e0414931649303450862e9"}
,"/home/emanoel.oliveira@tecnospeed.local/projects/github.com/emanoelvso/my-finances/src/definitions/Errors.js": {"path":"/home/emanoel.oliveira@tecnospeed.local/projects/github.com/emanoelvso/my-finances/src/definitions/Errors.js","statementMap":{"0":{"start":{"line":3,"column":4},"end":{"line":3,"column":26}},"1":{"start":{"line":4,"column":4},"end":{"line":4,"column":32}},"2":{"start":{"line":8,"column":0},"end":{"line":8,"column":37}}},"fnMap":{"0":{"name":"(anonymous_0)","decl":{"start":{"line":2,"column":2},"end":{"line":2,"column":3}},"loc":{"start":{"line":2,"column":41},"end":{"line":5,"column":3}},"line":2}},"branchMap":{"0":{"loc":{"start":{"line":2,"column":23},"end":{"line":2,"column":39}},"type":"default-arg","locations":[{"start":{"line":2,"column":36},"end":{"line":2,"column":39}}],"line":2}},"s":{"0":0,"1":0,"2":1},"f":{"0":0},"b":{"0":[0]},"_coverageSchema":"43e27e138ebf9cfc5966b082cf9a028302ed4184","hash":"335114db33564695e1de8ec34dcaad46b1e8be63"}
,"/home/emanoel.oliveira@tecnospeed.local/projects/github.com/emanoelvso/my-finances/src/models/account.js": {"path":"/home/emanoel.oliveira@tecnospeed.local/projects/github.com/emanoelvso/my-finances/src/models/account.js","statementMap":{"0":{"start":{"line":1,"column":17},"end":{"line":1,"column":36}},"1":{"start":{"line":3,"column":16},"end":{"line":26,"column":1}},"2":{"start":{"line":28,"column":0},"end":{"line":28,"column":51}}},"fnMap":{},"branchMap":{},"s":{"0":2,"1":2,"2":2},"f":{},"b":{},"_coverageSchema":"43e27e138ebf9cfc5966b082cf9a028302ed4184","hash":"412aaffab9f37346be088447375484b37530058d"}
,"/home/emanoel.oliveira@tecnospeed.local/projects/github.com/emanoelvso/my-finances/src/models/category.js": {"path":"/home/emanoel.oliveira@tecnospeed.local/projects/github.com/emanoelvso/my-finances/src/models/category.js","statementMap":{"0":{"start":{"line":1,"column":17},"end":{"line":1,"column":36}},"1":{"start":{"line":3,"column":14},"end":{"line":3,"column":35}},"2":{"start":{"line":5,"column":17},"end":{"line":25,"column":1}},"3":{"start":{"line":16,"column":10},"end":{"line":18,"column":13}},"4":{"start":{"line":27,"column":0},"end":{"line":27,"column":54}}},"fnMap":{"0":{"name":"(anonymous_0)","decl":{"start":{"line":15,"column":17},"end":{"line":15,"column":18}},"loc":{"start":{"line":16,"column":10},"end":{"line":18,"column":13}},"line":16}},"branchMap":{},"s":{"0":1,"1":1,"2":1,"3":0,"4":1},"f":{"0":0},"b":{},"_coverageSchema":"43e27e138ebf9cfc5966b082cf9a028302ed4184","hash":"6ec64ff426a9c99377d3cf9e3d3f3695d5f7bff1"}
,"/home/emanoel.oliveira@tecnospeed.local/projects/github.com/emanoelvso/my-finances/src/models/transaction.js": {"path":"/home/emanoel.oliveira@tecnospeed.local/projects/github.com/emanoelvso/my-finances/src/models/transaction.js","statementMap":{"0":{"start":{"line":1,"column":17},"end":{"line":1,"column":36}},"1":{"start":{"line":3,"column":14},"end":{"line":3,"column":35}},"2":{"start":{"line":5,"column":20},"end":{"line":30,"column":2}},"3":{"start":{"line":27,"column":8},"end":{"line":27,"column":79}},"4":{"start":{"line":32,"column":0},"end":{"line":32,"column":60}}},"fnMap":{"0":{"name":"(anonymous_0)","decl":{"start":{"line":26,"column":15},"end":{"line":26,"column":16}},"loc":{"start":{"line":27,"column":8},"end":{"line":27,"column":79}},"line":27}},"branchMap":{},"s":{"0":1,"1":1,"2":1,"3":0,"4":1},"f":{"0":0},"b":{},"_coverageSchema":"43e27e138ebf9cfc5966b082cf9a028302ed4184","hash":"4982fc87ad4e768b141354665c7547a911c1eb44"}
,"/home/emanoel.oliveira@tecnospeed.local/projects/github.com/emanoelvso/my-finances/src/plugins/database.js": {"path":"/home/emanoel.oliveira@tecnospeed.local/projects/github.com/emanoelvso/my-finances/src/plugins/database.js","statementMap":{"0":{"start":{"line":1,"column":17},"end":{"line":1,"column":36}},"1":{"start":{"line":2,"column":15},"end":{"line":2,"column":42}},"2":{"start":{"line":3,"column":12},"end":{"line":3,"column":38}},"3":{"start":{"line":5,"column":25},"end":{"line":18,"column":1}},"4":{"start":{"line":6,"column":24},"end":{"line":10,"column":3}},"5":{"start":{"line":12,"column":21},"end":{"line":12,"column":79}},"6":{"start":{"line":14,"column":2},"end":{"line":14,"column":32}},"7":{"start":{"line":16,"column":2},"end":{"line":16,"column":60}},"8":{"start":{"line":16,"column":36},"end":{"line":16,"column":59}},"9":{"start":{"line":17,"column":2},"end":{"line":17,"column":39}},"10":{"start":{"line":20,"column":0},"end":{"line":20,"column":33}}},"fnMap":{"0":{"name":"(anonymous_0)","decl":{"start":{"line":5,"column":25},"end":{"line":5,"column":26}},"loc":{"start":{"line":5,"column":43},"end":{"line":18,"column":1}},"line":5},"1":{"name":"(anonymous_1)","decl":{"start":{"line":16,"column":30},"end":{"line":16,"column":31}},"loc":{"start":{"line":16,"column":36},"end":{"line":16,"column":59}},"line":16}},"branchMap":{"0":{"loc":{"start":{"line":12,"column":44},"end":{"line":12,"column":63}},"type":"binary-expr","locations":[{"start":{"line":12,"column":44},"end":{"line":12,"column":57}},{"start":{"line":12,"column":61},"end":{"line":12,"column":63}}],"line":12}},"s":{"0":1,"1":1,"2":1,"3":1,"4":1,"5":1,"6":1,"7":1,"8":1,"9":1,"10":1},"f":{"0":1,"1":1},"b":{"0":[1,0]},"_coverageSchema":"43e27e138ebf9cfc5966b082cf9a028302ed4184","hash":"aff01188a0c9aab5252ce121bbbf1496f9296564"}
,"/home/emanoel.oliveira@tecnospeed.local/projects/github.com/emanoelvso/my-finances/src/plugins/errorHandler.js": {"path":"/home/emanoel.oliveira@tecnospeed.local/projects/github.com/emanoelvso/my-finances/src/plugins/errorHandler.js","statementMap":{"0":{"start":{"line":1,"column":12},"end":{"line":1,"column":38}},"1":{"start":{"line":2,"column":29},"end":{"line":2,"column":61}},"2":{"start":{"line":4,"column":24},"end":{"line":22,"column":1}},"3":{"start":{"line":5,"column":2},"end":{"line":9,"column":3}},"4":{"start":{"line":6,"column":4},"end":{"line":8,"column":63}},"5":{"start":{"line":11,"column":2},"end":{"line":17,"column":4}},"6":{"start":{"line":19,"column":2},"end":{"line":21,"column":70}},"7":{"start":{"line":24,"column":0},"end":{"line":24,"column":33}}},"fnMap":{"0":{"name":"(anonymous_0)","decl":{"start":{"line":4,"column":24},"end":{"line":4,"column":25}},"loc":{"start":{"line":4,"column":47},"end":{"line":22,"column":1}},"line":4}},"branchMap":{"0":{"loc":{"start":{"line":5,"column":2},"end":{"line":9,"column":3}},"type":"if","locations":[{"start":{"line":5,"column":2},"end":{"line":9,"column":3}},{"start":{"line":5,"column":2},"end":{"line":9,"column":3}}],"line":5},"1":{"loc":{"start":{"line":7,"column":12},"end":{"line":7,"column":35}},"type":"binary-expr","locations":[{"start":{"line":7,"column":12},"end":{"line":7,"column":28}},{"start":{"line":7,"column":32},"end":{"line":7,"column":35}}],"line":7},"2":{"loc":{"start":{"line":11,"column":29},"end":{"line":11,"column":51}},"type":"binary-expr","locations":[{"start":{"line":11,"column":29},"end":{"line":11,"column":34}},{"start":{"line":11,"column":38},"end":{"line":11,"column":51}}],"line":11},"3":{"loc":{"start":{"line":13,"column":10},"end":{"line":13,"column":24}},"type":"binary-expr","locations":[{"start":{"line":13,"column":10},"end":{"line":13,"column":18}},{"start":{"line":13,"column":22},"end":{"line":13,"column":24}}],"line":13},"4":{"loc":{"start":{"line":20,"column":10},"end":{"line":20,"column":33}},"type":"binary-expr","locations":[{"start":{"line":20,"column":10},"end":{"line":20,"column":26}},{"start":{"line":20,"column":30},"end":{"line":20,"column":33}}],"line":20},"5":{"loc":{"start":{"line":21,"column":45},"end":{"line":21,"column":67}},"type":"binary-expr","locations":[{"start":{"line":21,"column":45},"end":{"line":21,"column":50}},{"start":{"line":21,"column":54},"end":{"line":21,"column":67}}],"line":21}},"s":{"0":1,"1":1,"2":1,"3":0,"4":0,"5":0,"6":0,"7":1},"f":{"0":0},"b":{"0":[0,0],"1":[0,0],"2":[0,0],"3":[0,0],"4":[0,0],"5":[0,0]},"_coverageSchema":"43e27e138ebf9cfc5966b082cf9a028302ed4184","hash":"8f84f9d02ee3dd696423fbd19f2ded30e8ece82f"}
,"/home/emanoel.oliveira@tecnospeed.local/projects/github.com/emanoelvso/my-finances/src/plugins/notFoundHandler.js": {"path":"/home/emanoel.oliveira@tecnospeed.local/projects/github.com/emanoelvso/my-finances/src/plugins/notFoundHandler.js","statementMap":{"0":{"start":{"line":1,"column":24},"end":{"line":3,"column":1}},"1":{"start":{"line":2,"column":2},"end":{"line":2,"column":76}},"2":{"start":{"line":5,"column":0},"end":{"line":5,"column":33}}},"fnMap":{"0":{"name":"(anonymous_0)","decl":{"start":{"line":1,"column":24},"end":{"line":1,"column":25}},"loc":{"start":{"line":1,"column":40},"end":{"line":3,"column":1}},"line":1}},"branchMap":{},"s":{"0":1,"1":0,"2":1},"f":{"0":0},"b":{},"_coverageSchema":"43e27e138ebf9cfc5966b082cf9a028302ed4184","hash":"e05fe1aec5e50a29a7ae94e6231e4c62dbdfbe58"}
,"/home/emanoel.oliveira@tecnospeed.local/projects/github.com/emanoelvso/my-finances/src/plugins/openApi.js": {"path":"/home/emanoel.oliveira@tecnospeed.local/projects/github.com/emanoelvso/my-finances/src/plugins/openApi.js","statementMap":{"0":{"start":{"line":1,"column":16},"end":{"line":1,"column":38}},"1":{"start":{"line":3,"column":22},"end":{"line":20,"column":1}},"2":{"start":{"line":4,"column":18},"end":{"line":18,"column":3}},"3":{"start":{"line":19,"column":2},"end":{"line":19,"column":37}},"4":{"start":{"line":22,"column":0},"end":{"line":22,"column":31}}},"fnMap":{"0":{"name":"(anonymous_0)","decl":{"start":{"line":3,"column":22},"end":{"line":3,"column":23}},"loc":{"start":{"line":3,"column":40},"end":{"line":20,"column":1}},"line":3}},"branchMap":{},"s":{"0":1,"1":1,"2":1,"3":1,"4":1},"f":{"0":1},"b":{},"_coverageSchema":"43e27e138ebf9cfc5966b082cf9a028302ed4184","hash":"ee39772642596d2805ff31803a78196e0509a127"}
,"/home/emanoel.oliveira@tecnospeed.local/projects/github.com/emanoelvso/my-finances/src/routes/accountRouter.js": {"path":"/home/emanoel.oliveira@tecnospeed.local/projects/github.com/emanoelvso/my-finances/src/routes/accountRouter.js","statementMap":{"0":{"start":{"line":5,"column":4},"end":{"line":5,"column":44}},"1":{"start":{"line":11,"column":4},"end":{"line":11,"column":39}},"2":{"start":{"line":13,"column":28},"end":{"line":41,"column":1}},"3":{"start":{"line":14,"column":2},"end":{"line":19,"column":4}},"4":{"start":{"line":21,"column":2},"end":{"line":26,"column":4}},"5":{"start":{"line":28,"column":2},"end":{"line":33,"column":4}},"6":{"start":{"line":35,"column":2},"end":{"line":40,"column":4}},"7":{"start":{"line":43,"column":0},"end":{"line":43,"column":37}}},"fnMap":{"0":{"name":"(anonymous_0)","decl":{"start":{"line":13,"column":28},"end":{"line":13,"column":29}},"loc":{"start":{"line":13,"column":46},"end":{"line":41,"column":1}},"line":13}},"branchMap":{},"s":{"0":1,"1":1,"2":1,"3":1,"4":1,"5":1,"6":1,"7":1},"f":{"0":1},"b":{},"_coverageSchema":"43e27e138ebf9cfc5966b082cf9a028302ed4184","hash":"3d41f3d3ea5788bafacd4c3f22e250e956f0a4e5"}
,"/home/emanoel.oliveira@tecnospeed.local/projects/github.com/emanoelvso/my-finances/src/routes/apiV1.js": {"path":"/home/emanoel.oliveira@tecnospeed.local/projects/github.com/emanoelvso/my-finances/src/routes/apiV1.js","statementMap":{"0":{"start":{"line":1,"column":21},"end":{"line":1,"column":55}},"1":{"start":{"line":2,"column":24},"end":{"line":2,"column":61}},"2":{"start":{"line":3,"column":22},"end":{"line":3,"column":48}},"3":{"start":{"line":4,"column":23},"end":{"line":4,"column":50}},"4":{"start":{"line":5,"column":26},"end":{"line":5,"column":56}},"5":{"start":{"line":6,"column":21},"end":{"line":6,"column":46}},"6":{"start":{"line":8,"column":25},"end":{"line":15,"column":1}},"7":{"start":{"line":9,"column":2},"end":{"line":9,"column":46}},"8":{"start":{"line":10,"column":2},"end":{"line":10,"column":40}},"9":{"start":{"line":11,"column":2},"end":{"line":11,"column":34}},"10":{"start":{"line":12,"column":2},"end":{"line":12,"column":35}},"11":{"start":{"line":13,"column":2},"end":{"line":13,"column":38}},"12":{"start":{"line":14,"column":2},"end":{"line":14,"column":33}},"13":{"start":{"line":17,"column":0},"end":{"line":17,"column":34}}},"fnMap":{"0":{"name":"(anonymous_0)","decl":{"start":{"line":8,"column":25},"end":{"line":8,"column":26}},"loc":{"start":{"line":8,"column":43},"end":{"line":15,"column":1}},"line":8}},"branchMap":{},"s":{"0":1,"1":1,"2":1,"3":1,"4":1,"5":1,"6":1,"7":1,"8":1,"9":1,"10":1,"11":1,"12":1,"13":1},"f":{"0":1},"b":{},"_coverageSchema":"43e27e138ebf9cfc5966b082cf9a028302ed4184","hash":"a683d7427e31ce5db6d5a426b9beb9475d8e7fae"}
,"/home/emanoel.oliveira@tecnospeed.local/projects/github.com/emanoelvso/my-finances/src/routes/categoryRouter.js": {"path":"/home/emanoel.oliveira@tecnospeed.local/projects/github.com/emanoelvso/my-finances/src/routes/categoryRouter.js","statementMap":{"0":{"start":{"line":5,"column":4},"end":{"line":5,"column":45}},"1":{"start":{"line":11,"column":4},"end":{"line":11,"column":40}},"2":{"start":{"line":13,"column":29},"end":{"line":34,"column":1}},"3":{"start":{"line":14,"column":2},"end":{"line":19,"column":4}},"4":{"start":{"line":21,"column":2},"end":{"line":26,"column":4}},"5":{"start":{"line":28,"column":2},"end":{"line":33,"column":4}},"6":{"start":{"line":36,"column":0},"end":{"line":36,"column":38}}},"fnMap":{"0":{"name":"(anonymous_0)","decl":{"start":{"line":13,"column":29},"end":{"line":13,"column":30}},"loc":{"start":{"line":13,"column":47},"end":{"line":34,"column":1}},"line":13}},"branchMap":{},"s":{"0":1,"1":1,"2":1,"3":1,"4":1,"5":1,"6":1},"f":{"0":1},"b":{},"_coverageSchema":"43e27e138ebf9cfc5966b082cf9a028302ed4184","hash":"631fda9a9d25c41264eb6c2d82af370aa0f2e266"}
,"/home/emanoel.oliveira@tecnospeed.local/projects/github.com/emanoelvso/my-finances/src/routes/reportRouter.js": {"path":"/home/emanoel.oliveira@tecnospeed.local/projects/github.com/emanoelvso/my-finances/src/routes/reportRouter.js","statementMap":{"0":{"start":{"line":1,"column":28},"end":{"line":1,"column":67}},"1":{"start":{"line":3,"column":34},"end":{"line":3,"column":68}},"2":{"start":{"line":5,"column":27},"end":{"line":12,"column":1}},"3":{"start":{"line":6,"column":2},"end":{"line":11,"column":4}},"4":{"start":{"line":14,"column":0},"end":{"line":14,"column":36}}},"fnMap":{"0":{"name":"(anonymous_0)","decl":{"start":{"line":5,"column":27},"end":{"line":5,"column":28}},"loc":{"start":{"line":5,"column":45},"end":{"line":12,"column":1}},"line":5}},"branchMap":{},"s":{"0":1,"1":1,"2":1,"3":1,"4":1},"f":{"0":1},"b":{},"_coverageSchema":"43e27e138ebf9cfc5966b082cf9a028302ed4184","hash":"13dcb9df48c2bd5a58fa48c13f20c97de7b472e3"}
,"/home/emanoel.oliveira@tecnospeed.local/projects/github.com/emanoelvso/my-finances/src/routes/transactionRouter.js": {"path":"/home/emanoel.oliveira@tecnospeed.local/projects/github.com/emanoelvso/my-finances/src/routes/transactionRouter.js","statementMap":{"0":{"start":{"line":5,"column":4},"end":{"line":5,"column":48}},"1":{"start":{"line":11,"column":4},"end":{"line":11,"column":43}},"2":{"start":{"line":13,"column":32},"end":{"line":32,"column":1}},"3":{"start":{"line":14,"column":2},"end":{"line":19,"column":4}},"4":{"start":{"line":20,"column":2},"end":{"line":25,"column":4}},"5":{"start":{"line":26,"column":2},"end":{"line":31,"column":4}},"6":{"start":{"line":34,"column":0},"end":{"line":34,"column":41}}},"fnMap":{"0":{"name":"(anonymous_0)","decl":{"start":{"line":13,"column":32},"end":{"line":13,"column":33}},"loc":{"start":{"line":13,"column":50},"end":{"line":32,"column":1}},"line":13}},"branchMap":{},"s":{"0":1,"1":1,"2":1,"3":1,"4":1,"5":1,"6":1},"f":{"0":1},"b":{},"_coverageSchema":"43e27e138ebf9cfc5966b082cf9a028302ed4184","hash":"194b17e0dab46469c5f02f81a4351d24fd6dae81"}
,"/home/emanoel.oliveira@tecnospeed.local/projects/github.com/emanoelvso/my-finances/src/schemas/accountSchema.js": {"path":"/home/emanoel.oliveira@tecnospeed.local/projects/github.com/emanoelvso/my-finances/src/schemas/accountSchema.js","statementMap":{"0":{"start":{"line":1,"column":26},"end":{"line":1,"column":52}},"1":{"start":{"line":3,"column":19},"end":{"line":8,"column":1}},"2":{"start":{"line":10,"column":22},"end":{"line":25,"column":1}},"3":{"start":{"line":27,"column":32},"end":{"line":42,"column":1}},"4":{"start":{"line":44,"column":31},"end":{"line":57,"column":1}},"5":{"start":{"line":59,"column":0},"end":{"line":63,"column":2}}},"fnMap":{},"branchMap":{},"s":{"0":1,"1":1,"2":1,"3":1,"4":1,"5":1},"f":{},"b":{},"_coverageSchema":"43e27e138ebf9cfc5966b082cf9a028302ed4184","hash":"4d41905ea538352628604d8473412d1fdbde9e76"}
,"/home/emanoel.oliveira@tecnospeed.local/projects/github.com/emanoelvso/my-finances/src/schemas/categorySchema.js": {"path":"/home/emanoel.oliveira@tecnospeed.local/projects/github.com/emanoelvso/my-finances/src/schemas/categorySchema.js","statementMap":{"0":{"start":{"line":1,"column":26},"end":{"line":1,"column":52}},"1":{"start":{"line":3,"column":19},"end":{"line":6,"column":1}},"2":{"start":{"line":8,"column":23},"end":{"line":23,"column":1}},"3":{"start":{"line":25,"column":33},"end":{"line":40,"column":1}},"4":{"start":{"line":42,"column":32},"end":{"line":55,"column":1}},"5":{"start":{"line":57,"column":0},"end":{"line":61,"column":2}}},"fnMap":{},"branchMap":{},"s":{"0":1,"1":1,"2":1,"3":1,"4":1,"5":1},"f":{},"b":{},"_coverageSchema":"43e27e138ebf9cfc5966b082cf9a028302ed4184","hash":"5989d95d0d5ba8b66119292759ab3b04859b8a6f"}
,"/home/emanoel.oliveira@tecnospeed.local/projects/github.com/emanoelvso/my-finances/src/schemas/reportSchema.js": {"path":"/home/emanoel.oliveira@tecnospeed.local/projects/github.com/emanoelvso/my-finances/src/schemas/reportSchema.js","statementMap":{"0":{"start":{"line":1,"column":26},"end":{"line":1,"column":52}},"1":{"start":{"line":3,"column":19},"end":{"line":6,"column":1}},"2":{"start":{"line":8,"column":30},"end":{"line":16,"column":1}},"3":{"start":{"line":18,"column":0},"end":{"line":18,"column":42}}},"fnMap":{},"branchMap":{},"s":{"0":1,"1":1,"2":1,"3":1},"f":{},"b":{},"_coverageSchema":"43e27e138ebf9cfc5966b082cf9a028302ed4184","hash":"26cdf9708e12b229b25f0ec9c8b6edab829ce28c"}
,"/home/emanoel.oliveira@tecnospeed.local/projects/github.com/emanoelvso/my-finances/src/schemas/sharedSchemas.js": {"path":"/home/emanoel.oliveira@tecnospeed.local/projects/github.com/emanoelvso/my-finances/src/schemas/sharedSchemas.js","statementMap":{"0":{"start":{"line":1,"column":22},"end":{"line":9,"column":1}},"1":{"start":{"line":11,"column":0},"end":{"line":11,"column":34}}},"fnMap":{},"branchMap":{},"s":{"0":1,"1":1},"f":{},"b":{},"_coverageSchema":"43e27e138ebf9cfc5966b082cf9a028302ed4184","hash":"736840d7a8d929d683d77162c0cd79a98cc75e6b"}
,"/home/emanoel.oliveira@tecnospeed.local/projects/github.com/emanoelvso/my-finances/src/schemas/transactionSchema.js": {"path":"/home/emanoel.oliveira@tecnospeed.local/projects/github.com/emanoelvso/my-finances/src/schemas/transactionSchema.js","statementMap":{"0":{"start":{"line":1,"column":26},"end":{"line":1,"column":52}},"1":{"start":{"line":3,"column":19},"end":{"line":9,"column":1}},"2":{"start":{"line":11,"column":36},"end":{"line":26,"column":1}},"3":{"start":{"line":28,"column":36},"end":{"line":43,"column":1}},"4":{"start":{"line":45,"column":35},"end":{"line":58,"column":1}},"5":{"start":{"line":60,"column":0},"end":{"line":64,"column":2}}},"fnMap":{},"branchMap":{},"s":{"0":1,"1":1,"2":1,"3":1,"4":1,"5":1},"f":{},"b":{},"_coverageSchema":"43e27e138ebf9cfc5966b082cf9a028302ed4184","hash":"7d6573f7fb9416c1961ac76a0c56d368a97d596a"}
,"/home/emanoel.oliveira@tecnospeed.local/projects/github.com/emanoelvso/my-finances/src/services/accountServices.js": {"path":"/home/emanoel.oliveira@tecnospeed.local/projects/github.com/emanoelvso/my-finances/src/services/accountServices.js","statementMap":{"0":{"start":{"line":1,"column":16},"end":{"line":1,"column":44}},"1":{"start":{"line":2,"column":29},"end":{"line":2,"column":61}},"2":{"start":{"line":4,"column":32},"end":{"line":10,"column":1}},"3":{"start":{"line":5,"column":18},"end":{"line":5,"column":48}},"4":{"start":{"line":7,"column":2},"end":{"line":7,"column":67}},"5":{"start":{"line":7,"column":16},"end":{"line":7,"column":67}},"6":{"start":{"line":9,"column":2},"end":{"line":9,"column":16}},"7":{"start":{"line":12,"column":22},"end":{"line":14,"column":1}},"8":{"start":{"line":13,"column":2},"end":{"line":13,"column":29}},"9":{"start":{"line":16,"column":29},"end":{"line":22,"column":1}},"10":{"start":{"line":17,"column":18},"end":{"line":17,"column":48}},"11":{"start":{"line":19,"column":2},"end":{"line":19,"column":67}},"12":{"start":{"line":19,"column":16},"end":{"line":19,"column":67}},"13":{"start":{"line":21,"column":2},"end":{"line":21,"column":35}},"14":{"start":{"line":24,"column":0},"end":{"line":28,"column":2}}},"fnMap":{"0":{"name":"(anonymous_0)","decl":{"start":{"line":4,"column":32},"end":{"line":4,"column":33}},"loc":{"start":{"line":4,"column":45},"end":{"line":10,"column":1}},"line":4},"1":{"name":"(anonymous_1)","decl":{"start":{"line":12,"column":22},"end":{"line":12,"column":23}},"loc":{"start":{"line":12,"column":36},"end":{"line":14,"column":1}},"line":12},"2":{"name":"(anonymous_2)","decl":{"start":{"line":16,"column":29},"end":{"line":16,"column":30}},"loc":{"start":{"line":16,"column":42},"end":{"line":22,"column":1}},"line":16}},"branchMap":{"0":{"loc":{"start":{"line":7,"column":2},"end":{"line":7,"column":67}},"type":"if","locations":[{"start":{"line":7,"column":2},"end":{"line":7,"column":67}},{"start":{"line":7,"column":2},"end":{"line":7,"column":67}}],"line":7},"1":{"loc":{"start":{"line":19,"column":2},"end":{"line":19,"column":67}},"type":"if","locations":[{"start":{"line":19,"column":2},"end":{"line":19,"column":67}},{"start":{"line":19,"column":2},"end":{"line":19,"column":67}}],"line":19}},"s":{"0":1,"1":1,"2":1,"3":0,"4":0,"5":0,"6":0,"7":1,"8":1,"9":1,"10":0,"11":0,"12":0,"13":0,"14":1},"f":{"0":0,"1":1,"2":0},"b":{"0":[0,0],"1":[0,0]},"_coverageSchema":"43e27e138ebf9cfc5966b082cf9a028302ed4184","hash":"4f99c42833eecf4bfed179f60dfdcdd73a822ccb"}
,"/home/emanoel.oliveira@tecnospeed.local/projects/github.com/emanoelvso/my-finances/src/services/balanceService.js": {"path":"/home/emanoel.oliveira@tecnospeed.local/projects/github.com/emanoelvso/my-finances/src/services/balanceService.js","statementMap":{"0":{"start":{"line":1,"column":20},"end":{"line":1,"column":52}},"1":{"start":{"line":3,"column":23},"end":{"line":33,"column":1}},"2":{"start":{"line":4,"column":26},"end":{"line":4,"column":75}},"3":{"start":{"line":6,"column":43},"end":{"line":24,"column":3}},"4":{"start":{"line":8,"column":6},"end":{"line":19,"column":7}},"5":{"start":{"line":10,"column":10},"end":{"line":10,"column":63}},"6":{"start":{"line":11,"column":10},"end":{"line":11,"column":15}},"7":{"start":{"line":14,"column":10},"end":{"line":14,"column":65}},"8":{"start":{"line":15,"column":10},"end":{"line":15,"column":15}},"9":{"start":{"line":18,"column":10},"end":{"line":18,"column":15}},"10":{"start":{"line":21,"column":6},"end":{"line":21,"column":24}},"11":{"start":{"line":26,"column":18},"end":{"line":26,"column":47}},"12":{"start":{"line":28,"column":2},"end":{"line":32,"column":3}},"13":{"start":{"line":35,"column":0},"end":{"line":35,"column":35}}},"fnMap":{"0":{"name":"(anonymous_0)","decl":{"start":{"line":3,"column":23},"end":{"line":3,"column":24}},"loc":{"start":{"line":3,"column":40},"end":{"line":33,"column":1}},"line":3},"1":{"name":"(anonymous_1)","decl":{"start":{"line":7,"column":4},"end":{"line":7,"column":5}},"loc":{"start":{"line":7,"column":34},"end":{"line":22,"column":5}},"line":7}},"branchMap":{"0":{"loc":{"start":{"line":8,"column":6},"end":{"line":19,"column":7}},"type":"switch","locations":[{"start":{"line":9,"column":8},"end":{"line":11,"column":15}},{"start":{"line":13,"column":8},"end":{"line":15,"column":15}},{"start":{"line":17,"column":8},"end":{"line":18,"column":15}}],"line":8}},"s":{"0":1,"1":1,"2":0,"3":0,"4":0,"5":0,"6":0,"7":0,"8":0,"9":0,"10":0,"11":0,"12":0,"13":1},"f":{"0":0,"1":0},"b":{"0":[0,0,0]},"_coverageSchema":"43e27e138ebf9cfc5966b082cf9a028302ed4184","hash":"6c5042d96398704ca070908d6201f32d0642d9b6"}
,"/home/emanoel.oliveira@tecnospeed.local/projects/github.com/emanoelvso/my-finances/src/services/categoryServices.js": {"path":"/home/emanoel.oliveira@tecnospeed.local/projects/github.com/emanoelvso/my-finances/src/services/categoryServices.js","statementMap":{"0":{"start":{"line":1,"column":17},"end":{"line":1,"column":46}},"1":{"start":{"line":2,"column":29},"end":{"line":2,"column":61}},"2":{"start":{"line":4,"column":33},"end":{"line":10,"column":1}},"3":{"start":{"line":5,"column":19},"end":{"line":5,"column":50}},"4":{"start":{"line":7,"column":2},"end":{"line":7,"column":68}},"5":{"start":{"line":7,"column":17},"end":{"line":7,"column":68}},"6":{"start":{"line":9,"column":2},"end":{"line":9,"column":17}},"7":{"start":{"line":12,"column":23},"end":{"line":12,"column":58}},"8":{"start":{"line":12,"column":37},"end":{"line":12,"column":58}},"9":{"start":{"line":14,"column":30},"end":{"line":20,"column":1}},"10":{"start":{"line":15,"column":19},"end":{"line":15,"column":50}},"11":{"start":{"line":17,"column":2},"end":{"line":17,"column":68}},"12":{"start":{"line":17,"column":17},"end":{"line":17,"column":68}},"13":{"start":{"line":19,"column":2},"end":{"line":19,"column":36}},"14":{"start":{"line":22,"column":0},"end":{"line":26,"column":2}}},"fnMap":{"0":{"name":"(anonymous_0)","decl":{"start":{"line":4,"column":33},"end":{"line":4,"column":34}},"loc":{"start":{"line":4,"column":46},"end":{"line":10,"column":1}},"line":4},"1":{"name":"(anonymous_1)","decl":{"start":{"line":12,"column":23},"end":{"line":12,"column":24}},"loc":{"start":{"line":12,"column":37},"end":{"line":12,"column":58}},"line":12},"2":{"name":"(anonymous_2)","decl":{"start":{"line":14,"column":30},"end":{"line":14,"column":31}},"loc":{"start":{"line":14,"column":43},"end":{"line":20,"column":1}},"line":14}},"branchMap":{"0":{"loc":{"start":{"line":7,"column":2},"end":{"line":7,"column":68}},"type":"if","locations":[{"start":{"line":7,"column":2},"end":{"line":7,"column":68}},{"start":{"line":7,"column":2},"end":{"line":7,"column":68}}],"line":7},"1":{"loc":{"start":{"line":17,"column":2},"end":{"line":17,"column":68}},"type":"if","locations":[{"start":{"line":17,"column":2},"end":{"line":17,"column":68}},{"start":{"line":17,"column":2},"end":{"line":17,"column":68}}],"line":17}},"s":{"0":1,"1":1,"2":1,"3":0,"4":0,"5":0,"6":0,"7":1,"8":0,"9":1,"10":0,"11":0,"12":0,"13":0,"14":1},"f":{"0":0,"1":0,"2":0},"b":{"0":[0,0],"1":[0,0]},"_coverageSchema":"43e27e138ebf9cfc5966b082cf9a028302ed4184","hash":"7009b145f44dcd2bcb317dac1d11f5d2158a75cb"}
,"/home/emanoel.oliveira@tecnospeed.local/projects/github.com/emanoelvso/my-finances/src/services/reportService.js": {"path":"/home/emanoel.oliveira@tecnospeed.local/projects/github.com/emanoelvso/my-finances/src/services/reportService.js","statementMap":{"0":{"start":{"line":1,"column":16},"end":{"line":1,"column":44}},"1":{"start":{"line":3,"column":31},"end":{"line":27,"column":1}},"2":{"start":{"line":4,"column":19},"end":{"line":4,"column":41}},"3":{"start":{"line":6,"column":2},"end":{"line":21,"column":3}},"4":{"start":{"line":7,"column":20},"end":{"line":9,"column":9}},"5":{"start":{"line":8,"column":6},"end":{"line":8,"column":47}},"6":{"start":{"line":11,"column":24},"end":{"line":13,"column":9}},"7":{"start":{"line":12,"column":6},"end":{"line":12,"column":52}},"8":{"start":{"line":15,"column":29},"end":{"line":15,"column":58}},"9":{"start":{"line":17,"column":4},"end":{"line":20,"column":5}},"10":{"start":{"line":23,"column":2},"end":{"line":26,"column":3}},"11":{"start":{"line":29,"column":0},"end":{"line":29,"column":43}}},"fnMap":{"0":{"name":"(anonymous_0)","decl":{"start":{"line":3,"column":31},"end":{"line":3,"column":32}},"loc":{"start":{"line":3,"column":43},"end":{"line":27,"column":1}},"line":3},"1":{"name":"(anonymous_1)","decl":{"start":{"line":7,"column":36},"end":{"line":7,"column":37}},"loc":{"start":{"line":7,"column":56},"end":{"line":9,"column":5}},"line":7},"2":{"name":"(anonymous_2)","decl":{"start":{"line":11,"column":40},"end":{"line":11,"column":41}},"loc":{"start":{"line":11,"column":60},"end":{"line":13,"column":5}},"line":11}},"branchMap":{"0":{"loc":{"start":{"line":6,"column":2},"end":{"line":21,"column":3}},"type":"if","locations":[{"start":{"line":6,"column":2},"end":{"line":21,"column":3}},{"start":{"line":6,"column":2},"end":{"line":21,"column":3}}],"line":6}},"s":{"0":2,"1":2,"2":1,"3":1,"4":1,"5":1,"6":1,"7":1,"8":1,"9":1,"10":0,"11":2},"f":{"0":1,"1":1,"2":1},"b":{"0":[1,0]},"_coverageSchema":"43e27e138ebf9cfc5966b082cf9a028302ed4184","hash":"4855e091d16e48c99a570535297b78324c047086"}
,"/home/emanoel.oliveira@tecnospeed.local/projects/github.com/emanoelvso/my-finances/src/services/transaction.js": {"path":"/home/emanoel.oliveira@tecnospeed.local/projects/github.com/emanoelvso/my-finances/src/services/transaction.js","statementMap":{"0":{"start":{"line":1,"column":29},"end":{"line":1,"column":61}},"1":{"start":{"line":3,"column":20},"end":{"line":3,"column":52}},"2":{"start":{"line":4,"column":16},"end":{"line":4,"column":44}},"3":{"start":{"line":5,"column":17},"end":{"line":5,"column":46}},"4":{"start":{"line":7,"column":27},"end":{"line":7,"column":54}},"5":{"start":{"line":9,"column":26},"end":{"line":33,"column":1}},"6":{"start":{"line":10,"column":18},"end":{"line":10,"column":62}},"7":{"start":{"line":11,"column":19},"end":{"line":11,"column":65}},"8":{"start":{"line":13,"column":2},"end":{"line":13,"column":67}},"9":{"start":{"line":13,"column":16},"end":{"line":13,"column":67}},"10":{"start":{"line":15,"column":2},"end":{"line":15,"column":71}},"11":{"start":{"line":15,"column":17},"end":{"line":15,"column":71}},"12":{"start":{"line":17,"column":16},"end":{"line":22,"column":3}},"13":{"start":{"line":24,"column":22},"end":{"line":24,"column":53}},"14":{"start":{"line":26,"column":52},"end":{"line":28,"column":3}},"15":{"start":{"line":30,"column":2},"end":{"line":30,"column":69}},"16":{"start":{"line":32,"column":2},"end":{"line":32,"column":20}},"17":{"start":{"line":35,"column":36},"end":{"line":42,"column":1}},"18":{"start":{"line":36,"column":22},"end":{"line":36,"column":56}},"19":{"start":{"line":38,"column":2},"end":{"line":39,"column":65}},"20":{"start":{"line":39,"column":4},"end":{"line":39,"column":65}},"21":{"start":{"line":41,"column":2},"end":{"line":41,"column":20}},"22":{"start":{"line":44,"column":33},"end":{"line":51,"column":1}},"23":{"start":{"line":45,"column":22},"end":{"line":45,"column":56}},"24":{"start":{"line":47,"column":2},"end":{"line":48,"column":65}},"25":{"start":{"line":48,"column":4},"end":{"line":48,"column":65}},"26":{"start":{"line":50,"column":2},"end":{"line":50,"column":39}},"27":{"start":{"line":53,"column":0},"end":{"line":57,"column":2}}},"fnMap":{"0":{"name":"(anonymous_0)","decl":{"start":{"line":9,"column":26},"end":{"line":9,"column":27}},"loc":{"start":{"line":9,"column":40},"end":{"line":33,"column":1}},"line":9},"1":{"name":"(anonymous_1)","decl":{"start":{"line":35,"column":36},"end":{"line":35,"column":37}},"loc":{"start":{"line":35,"column":49},"end":{"line":42,"column":1}},"line":35},"2":{"name":"(anonymous_2)","decl":{"start":{"line":44,"column":33},"end":{"line":44,"column":34}},"loc":{"start":{"line":44,"column":46},"end":{"line":51,"column":1}},"line":44}},"branchMap":{"0":{"loc":{"start":{"line":13,"column":2},"end":{"line":13,"column":67}},"type":"if","locations":[{"start":{"line":13,"column":2},"end":{"line":13,"column":67}},{"start":{"line":13,"column":2},"end":{"line":13,"column":67}}],"line":13},"1":{"loc":{"start":{"line":15,"column":2},"end":{"line":15,"column":71}},"type":"if","locations":[{"start":{"line":15,"column":2},"end":{"line":15,"column":71}},{"start":{"line":15,"column":2},"end":{"line":15,"column":71}}],"line":15},"2":{"loc":{"start":{"line":38,"column":2},"end":{"line":39,"column":65}},"type":"if","locations":[{"start":{"line":38,"column":2},"end":{"line":39,"column":65}},{"start":{"line":38,"column":2},"end":{"line":39,"column":65}}],"line":38},"3":{"loc":{"start":{"line":47,"column":2},"end":{"line":48,"column":65}},"type":"if","locations":[{"start":{"line":47,"column":2},"end":{"line":48,"column":65}},{"start":{"line":47,"column":2},"end":{"line":48,"column":65}}],"line":47}},"s":{"0":1,"1":1,"2":1,"3":1,"4":1,"5":1,"6":0,"7":0,"8":0,"9":0,"10":0,"11":0,"12":0,"13":0,"14":0,"15":0,"16":0,"17":1,"18":0,"19":0,"20":0,"21":0,"22":1,"23":0,"24":0,"25":0,"26":0,"27":1},"f":{"0":0,"1":0,"2":0},"b":{"0":[0,0],"1":[0,0],"2":[0,0],"3":[0,0]},"_coverageSchema":"43e27e138ebf9cfc5966b082cf9a028302ed4184","hash":"849d4cb1cb4fb03bc1ab9ac46b7b7200a4a544fa"}
,"/home/emanoel.oliveira@tecnospeed.local/projects/github.com/emanoelvso/my-finances/src/utils/logger.js": {"path":"/home/emanoel.oliveira@tecnospeed.local/projects/github.com/emanoelvso/my-finances/src/utils/logger.js","statementMap":{"0":{"start":{"line":1,"column":13},"end":{"line":1,"column":28}},"1":{"start":{"line":3,"column":21},"end":{"line":5,"column":1}},"2":{"start":{"line":4,"column":2},"end":{"line":4,"column":36}},"3":{"start":{"line":7,"column":0},"end":{"line":7,"column":32}}},"fnMap":{"0":{"name":"(anonymous_0)","decl":{"start":{"line":3,"column":21},"end":{"line":3,"column":22}},"loc":{"start":{"line":3,"column":27},"end":{"line":5,"column":1}},"line":3}},"branchMap":{},"s":{"0":1,"1":1,"2":1,"3":1},"f":{"0":1},"b":{},"_coverageSchema":"43e27e138ebf9cfc5966b082cf9a028302ed4184","hash":"8f5e0150b0dd2f8d9171647491a42b23e6780c1b"}
}
