TN:
SF:/home/emanoel.oliveira@tecnospeed.local/projects/github.com/emanoelvso/my-finances/src/app.js
FNF:0
FNH:0
DA:1,1
DA:2,1
DA:3,1
DA:5,1
DA:6,1
DA:7,1
DA:8,1
DA:9,1
DA:10,1
DA:12,1
DA:18,1
DA:19,1
DA:20,1
DA:21,1
DA:22,1
DA:23,1
DA:25,1
LF:17
LH:17
BRF:0
BRH:0
end_of_record
TN:
SF:/home/emanoel.oliveira@tecnospeed.local/projects/github.com/emanoelvso/my-finances/src/config/global.js
FNF:0
FNH:0
DA:1,1
DA:3,1
DA:5,1
DA:12,1
LF:4
LH:4
BRF:0
BRH:0
end_of_record
TN:
SF:/home/emanoel.oliveira@tecnospeed.local/projects/github.com/emanoelvso/my-finances/src/controllers/accountControl.js
FN:7,(anonymous_0)
FN:15,(anonymous_1)
FN:23,(anonymous_2)
FNF:3
FNH:1
FNDA:1,(anonymous_0)
FNDA:0,(anonymous_1)
FNDA:0,(anonymous_2)
DA:5,1
DA:7,1
DA:8,1
DA:10,1
DA:12,1
DA:15,1
DA:16,0
DA:18,0
DA:20,0
DA:23,1
DA:24,0
DA:26,0
DA:28,0
DA:31,1
LF:14
LH:8
BRF:0
BRH:0
end_of_record
TN:
SF:/home/emanoel.oliveira@tecnospeed.local/projects/github.com/emanoelvso/my-finances/src/controllers/categoryControl.js
FN:7,(anonymous_0)
FN:15,(anonymous_1)
FN:23,(anonymous_2)
FNF:3
FNH:0
FNDA:0,(anonymous_0)
FNDA:0,(anonymous_1)
FNDA:0,(anonymous_2)
DA:5,1
DA:7,1
DA:8,0
DA:10,0
DA:12,0
DA:15,1
DA:16,0
DA:18,0
DA:20,0
DA:23,1
DA:24,0
DA:26,0
DA:28,0
DA:31,1
LF:14
LH:5
BRF:0
BRH:0
end_of_record
TN:
SF:/home/emanoel.oliveira@tecnospeed.local/projects/github.com/emanoelvso/my-finances/src/controllers/reportControl.js
FN:3,(anonymous_0)
FNF:1
FNH:0
FNDA:0,(anonymous_0)
DA:1,1
DA:3,1
DA:4,0
DA:6,0
DA:9,1
LF:5
LH:3
BRF:0
BRH:0
end_of_record
TN:
SF:/home/emanoel.oliveira@tecnospeed.local/projects/github.com/emanoelvso/my-finances/src/controllers/transactionControl.js
FN:7,(anonymous_0)
FN:15,(anonymous_1)
FN:23,(anonymous_2)
FNF:3
FNH:0
FNDA:0,(anonymous_0)
FNDA:0,(anonymous_1)
FNDA:0,(anonymous_2)
DA:5,1
DA:7,1
DA:8,0
DA:10,0
DA:12,0
DA:15,1
DA:16,0
DA:18,0
DA:20,0
DA:23,1
DA:24,0
DA:26,0
DA:28,0
DA:31,1
LF:14
LH:5
BRF:0
BRH:0
end_of_record
TN:
SF:/home/emanoel.oliveira@tecnospeed.local/projects/github.com/emanoelvso/my-finances/src/definitions/Errors.js
FN:2,(anonymous_0)
FNF:1
FNH:0
FNDA:0,(anonymous_0)
DA:3,0
DA:4,0
DA:8,1
LF:3
LH:1
BRDA:2,0,0,0
BRF:1
BRH:0
end_of_record
TN:
SF:/home/emanoel.oliveira@tecnospeed.local/projects/github.com/emanoelvso/my-finances/src/models/account.js
FNF:0
FNH:0
DA:1,2
DA:3,2
DA:28,2
LF:3
LH:3
BRF:0
BRH:0
end_of_record
TN:
SF:/home/emanoel.oliveira@tecnospeed.local/projects/github.com/emanoelvso/my-finances/src/models/category.js
FN:15,(anonymous_0)
FNF:1
FNH:0
FNDA:0,(anonymous_0)
DA:1,1
DA:3,1
DA:5,1
DA:16,0
DA:27,1
LF:5
LH:4
BRF:0
BRH:0
end_of_record
TN:
SF:/home/emanoel.oliveira@tecnospeed.local/projects/github.com/emanoelvso/my-finances/src/models/transaction.js
FN:26,(anonymous_0)
FNF:1
FNH:0
FNDA:0,(anonymous_0)
DA:1,1
DA:3,1
DA:5,1
DA:27,0
DA:32,1
LF:5
LH:4
BRF:0
BRH:0
end_of_record
TN:
SF:/home/emanoel.oliveira@tecnospeed.local/projects/github.com/emanoelvso/my-finances/src/plugins/database.js
FN:5,(anonymous_0)
FN:16,(anonymous_1)
FNF:2
FNH:2
FNDA:1,(anonymous_0)
FNDA:1,(anonymous_1)
DA:1,1
DA:2,1
DA:3,1
DA:5,1
DA:6,1
DA:12,1
DA:14,1
DA:16,1
DA:17,1
DA:20,1
LF:10
LH:10
BRDA:12,0,0,1
BRDA:12,0,1,0
BRF:2
BRH:1
end_of_record
TN:
SF:/home/emanoel.oliveira@tecnospeed.local/projects/github.com/emanoelvso/my-finances/src/plugins/errorHandler.js
FN:4,(anonymous_0)
FNF:1
FNH:0
FNDA:0,(anonymous_0)
DA:1,1
DA:2,1
DA:4,1
DA:5,0
DA:6,0
DA:11,0
DA:19,0
DA:24,1
LF:8
LH:4
BRDA:5,0,0,0
BRDA:5,0,1,0
BRDA:7,1,0,0
BRDA:7,1,1,0
BRDA:11,2,0,0
BRDA:11,2,1,0
BRDA:13,3,0,0
BRDA:13,3,1,0
BRDA:20,4,0,0
BRDA:20,4,1,0
BRDA:21,5,0,0
BRDA:21,5,1,0
BRF:12
BRH:0
end_of_record
TN:
SF:/home/emanoel.oliveira@tecnospeed.local/projects/github.com/emanoelvso/my-finances/src/plugins/notFoundHandler.js
FN:1,(anonymous_0)
FNF:1
FNH:0
FNDA:0,(anonymous_0)
DA:1,1
DA:2,0
DA:5,1
LF:3
LH:2
BRF:0
BRH:0
end_of_record
TN:
SF:/home/emanoel.oliveira@tecnospeed.local/projects/github.com/emanoelvso/my-finances/src/plugins/openApi.js
FN:3,(anonymous_0)
FNF:1
FNH:1
FNDA:1,(anonymous_0)
DA:1,1
DA:3,1
DA:4,1
DA:19,1
DA:22,1
LF:5
LH:5
BRF:0
BRH:0
end_of_record
TN:
SF:/home/emanoel.oliveira@tecnospeed.local/projects/github.com/emanoelvso/my-finances/src/routes/accountRouter.js
FN:13,(anonymous_0)
FNF:1
FNH:1
FNDA:1,(anonymous_0)
DA:5,1
DA:11,1
DA:13,1
DA:14,1
DA:21,1
DA:28,1
DA:35,1
DA:43,1
LF:8
LH:8
BRF:0
BRH:0
end_of_record
TN:
SF:/home/emanoel.oliveira@tecnospeed.local/projects/github.com/emanoelvso/my-finances/src/routes/apiV1.js
FN:8,(anonymous_0)
FNF:1
FNH:1
FNDA:1,(anonymous_0)
DA:1,1
DA:2,1
DA:3,1
DA:4,1
DA:5,1
DA:6,1
DA:8,1
DA:9,1
DA:10,1
DA:11,1
DA:12,1
DA:13,1
DA:14,1
DA:17,1
LF:14
LH:14
BRF:0
BRH:0
end_of_record
TN:
SF:/home/emanoel.oliveira@tecnospeed.local/projects/github.com/emanoelvso/my-finances/src/routes/categoryRouter.js
FN:13,(anonymous_0)
FNF:1
FNH:1
FNDA:1,(anonymous_0)
DA:5,1
DA:11,1
DA:13,1
DA:14,1
DA:21,1
DA:28,1
DA:36,1
LF:7
LH:7
BRF:0
BRH:0
end_of_record
TN:
SF:/home/emanoel.oliveira@tecnospeed.local/projects/github.com/emanoelvso/my-finances/src/routes/reportRouter.js
FN:5,(anonymous_0)
FNF:1
FNH:1
FNDA:1,(anonymous_0)
DA:1,1
DA:3,1
DA:5,1
DA:6,1
DA:14,1
LF:5
LH:5
BRF:0
BRH:0
end_of_record
TN:
SF:/home/emanoel.oliveira@tecnospeed.local/projects/github.com/emanoelvso/my-finances/src/routes/transactionRouter.js
FN:13,(anonymous_0)
FNF:1
FNH:1
FNDA:1,(anonymous_0)
DA:5,1
DA:11,1
DA:13,1
DA:14,1
DA:20,1
DA:26,1
DA:34,1
LF:7
LH:7
BRF:0
BRH:0
end_of_record
TN:
SF:/home/emanoel.oliveira@tecnospeed.local/projects/github.com/emanoelvso/my-finances/src/schemas/accountSchema.js
FNF:0
FNH:0
DA:1,1
DA:3,1
DA:10,1
DA:27,1
DA:44,1
DA:59,1
LF:6
LH:6
BRF:0
BRH:0
end_of_record
TN:
SF:/home/emanoel.oliveira@tecnospeed.local/projects/github.com/emanoelvso/my-finances/src/schemas/categorySchema.js
FNF:0
FNH:0
DA:1,1
DA:3,1
DA:8,1
DA:25,1
DA:42,1
DA:57,1
LF:6
LH:6
BRF:0
BRH:0
end_of_record
TN:
SF:/home/emanoel.oliveira@tecnospeed.local/projects/github.com/emanoelvso/my-finances/src/schemas/reportSchema.js
FNF:0
FNH:0
DA:1,1
DA:3,1
DA:8,1
DA:18,1
LF:4
LH:4
BRF:0
BRH:0
end_of_record
TN:
SF:/home/emanoel.oliveira@tecnospeed.local/projects/github.com/emanoelvso/my-finances/src/schemas/sharedSchemas.js
FNF:0
FNH:0
DA:1,1
DA:11,1
LF:2
LH:2
BRF:0
BRH:0
end_of_record
TN:
SF:/home/emanoel.oliveira@tecnospeed.local/projects/github.com/emanoelvso/my-finances/src/schemas/transactionSchema.js
FNF:0
FNH:0
DA:1,1
DA:3,1
DA:11,1
DA:28,1
DA:45,1
DA:60,1
LF:6
LH:6
BRF:0
BRH:0
end_of_record
TN:
SF:/home/emanoel.oliveira@tecnospeed.local/projects/github.com/emanoelvso/my-finances/src/services/accountServices.js
FN:4,(anonymous_0)
FN:12,(anonymous_1)
FN:16,(anonymous_2)
FNF:3
FNH:1
FNDA:0,(anonymous_0)
FNDA:1,(anonymous_1)
FNDA:0,(anonymous_2)
DA:1,1
DA:2,1
DA:4,1
DA:5,0
DA:7,0
DA:9,0
DA:12,1
DA:13,1
DA:16,1
DA:17,0
DA:19,0
DA:21,0
DA:24,1
LF:13
LH:7
BRDA:7,0,0,0
BRDA:7,0,1,0
BRDA:19,1,0,0
BRDA:19,1,1,0
BRF:4
BRH:0
end_of_record
TN:
SF:/home/emanoel.oliveira@tecnospeed.local/projects/github.com/emanoelvso/my-finances/src/services/balanceService.js
FN:3,(anonymous_0)
FN:7,(anonymous_1)
FNF:2
FNH:0
FNDA:0,(anonymous_0)
FNDA:0,(anonymous_1)
DA:1,1
DA:3,1
DA:4,0
DA:6,0
DA:8,0
DA:10,0
DA:11,0
DA:14,0
DA:15,0
DA:18,0
DA:21,0
DA:26,0
DA:28,0
DA:35,1
LF:14
LH:3
BRDA:8,0,0,0
BRDA:8,0,1,0
BRDA:8,0,2,0
BRF:3
BRH:0
end_of_record
TN:
SF:/home/emanoel.oliveira@tecnospeed.local/projects/github.com/emanoelvso/my-finances/src/services/categoryServices.js
FN:4,(anonymous_0)
FN:12,(anonymous_1)
FN:14,(anonymous_2)
FNF:3
FNH:0
FNDA:0,(anonymous_0)
FNDA:0,(anonymous_1)
FNDA:0,(anonymous_2)
DA:1,1
DA:2,1
DA:4,1
DA:5,0
DA:7,0
DA:9,0
DA:12,1
DA:14,1
DA:15,0
DA:17,0
DA:19,0
DA:22,1
LF:12
LH:6
BRDA:7,0,0,0
BRDA:7,0,1,0
BRDA:17,1,0,0
BRDA:17,1,1,0
BRF:4
BRH:0
end_of_record
TN:
SF:/home/emanoel.oliveira@tecnospeed.local/projects/github.com/emanoelvso/my-finances/src/services/reportService.js
FN:3,(anonymous_0)
FN:7,(anonymous_1)
FN:11,(anonymous_2)
FNF:3
FNH:3
FNDA:1,(anonymous_0)
FNDA:1,(anonymous_1)
FNDA:1,(anonymous_2)
DA:1,2
DA:3,2
DA:4,1
DA:6,1
DA:7,1
DA:8,1
DA:11,1
DA:12,1
DA:15,1
DA:17,1
DA:23,0
DA:29,2
LF:12
LH:11
BRDA:6,0,0,1
BRDA:6,0,1,0
BRF:2
BRH:1
end_of_record
TN:
SF:/home/emanoel.oliveira@tecnospeed.local/projects/github.com/emanoelvso/my-finances/src/services/transaction.js
FN:9,(anonymous_0)
FN:35,(anonymous_1)
FN:44,(anonymous_2)
FNF:3
FNH:0
FNDA:0,(anonymous_0)
FNDA:0,(anonymous_1)
FNDA:0,(anonymous_2)
DA:1,1
DA:3,1
DA:4,1
DA:5,1
DA:7,1
DA:9,1
DA:10,0
DA:11,0
DA:13,0
DA:15,0
DA:17,0
DA:24,0
DA:26,0
DA:30,0
DA:32,0
DA:35,1
DA:36,0
DA:38,0
DA:39,0
DA:41,0
DA:44,1
DA:45,0
DA:47,0
DA:48,0
DA:50,0
DA:53,1
LF:26
LH:9
BRDA:13,0,0,0
BRDA:13,0,1,0
BRDA:15,1,0,0
BRDA:15,1,1,0
BRDA:38,2,0,0
BRDA:38,2,1,0
BRDA:47,3,0,0
BRDA:47,3,1,0
BRF:8
BRH:0
end_of_record
TN:
SF:/home/emanoel.oliveira@tecnospeed.local/projects/github.com/emanoelvso/my-finances/src/utils/logger.js
FN:3,(anonymous_0)
FNF:1
FNH:1
FNDA:1,(anonymous_0)
DA:1,1
DA:3,1
DA:4,1
DA:7,1
LF:4
LH:4
BRF:0
BRH:0
end_of_record
